<?xml version="1.0" encoding="UTF-8"?>
<!-- Generated by org.testng.reporters.JUnitXMLReporter -->
<testsuite hostname="LAPTOP-37CPKV0R" ignored="14" name="Test_All" tests="9" failures="1" timestamp="2023-11-02T16:31:55 EDT" time="108.19" errors="0">
  <testcase name="verifyeaccountpagetest" time="4.424" classname="com.mystore.testcase.SearchResultPageTest"/>
  <testcase name="VerifyTitle" time="0.011" classname="com.mystore.testcase.IndexPageTest"/>
  <testcase name="logo" time="0.012" classname="com.mystore.testcase.IndexPageTest"/>
  <testcase name="verifyeaccountpagetest" time="7.813" classname="com.mystore.testcase.AddToCartPageTest"/>
  <testcase name="verifyeaccountpagetest" time="2.822" classname="com.mystore.testcase.AccountCreationPageTest"/>
  <testcase name="endToEndTest" time="20.417" classname="com.mystore.testcase.EndToEndTest"/>
  <testcase name="loginTest" time="2.729" classname="com.mystore.testcase.LoginPageTest"/>
  <testcase name="verifyTotalPrice" time="8.928" classname="com.mystore.testcase.OrderPageTest">
    <failure type="java.lang.AssertionError" message="expected [2.34] but found [0.41]">
      <![CDATA[java.lang.AssertionError: expected [2.34] but found [0.41]
at com.mystore.testcase.OrderPageTest.verifyTotalPrice(OrderPageTest.java:45)
at java.util.ArrayList.forEach(ArrayList.java:1257)
... Removed 31 stack frames]]>
    </failure>
  </testcase> <!-- verifyTotalPrice -->
  <testcase name="orderHistoryandDetailsTest" time="3.152" classname="com.mystore.testcase.HomePageTest"/>
  <testcase name="@BeforeSuite loadConfig" time="0.0" classname="com.mystore.base.Baseclass">
    <ignored/>
  </testcase> <!-- @BeforeSuite loadConfig -->
  <testcase name="@BeforeSuite loadConfig" time="0.0" classname="com.mystore.base.Baseclass">
    <ignored/>
  </testcase> <!-- @BeforeSuite loadConfig -->
  <testcase name="@BeforeSuite loadConfig" time="0.0" classname="com.mystore.base.Baseclass">
    <ignored/>
  </testcase> <!-- @BeforeSuite loadConfig -->
  <testcase name="@BeforeSuite loadConfig" time="0.0" classname="com.mystore.base.Baseclass">
    <ignored/>
  </testcase> <!-- @BeforeSuite loadConfig -->
  <testcase name="@BeforeSuite loadConfig" time="0.0" classname="com.mystore.base.Baseclass">
    <ignored/>
  </testcase> <!-- @BeforeSuite loadConfig -->
  <testcase name="@BeforeSuite loadConfig" time="0.0" classname="com.mystore.base.Baseclass">
    <ignored/>
  </testcase> <!-- @BeforeSuite loadConfig -->
  <testcase name="@BeforeSuite loadConfig" time="0.0" classname="com.mystore.base.Baseclass">
    <ignored/>
  </testcase> <!-- @BeforeSuite loadConfig -->
  <testcase name="@AfterSuite aftersuit" time="0.0" classname="com.mystore.base.Baseclass">
    <ignored/>
  </testcase> <!-- @AfterSuite aftersuit -->
  <testcase name="@AfterSuite aftersuit" time="0.0" classname="com.mystore.base.Baseclass">
    <ignored/>
  </testcase> <!-- @AfterSuite aftersuit -->
  <testcase name="@AfterSuite aftersuit" time="0.0" classname="com.mystore.base.Baseclass">
    <ignored/>
  </testcase> <!-- @AfterSuite aftersuit -->
  <testcase name="@AfterSuite aftersuit" time="0.0" classname="com.mystore.base.Baseclass">
    <ignored/>
  </testcase> <!-- @AfterSuite aftersuit -->
  <testcase name="@AfterSuite aftersuit" time="0.0" classname="com.mystore.base.Baseclass">
    <ignored/>
  </testcase> <!-- @AfterSuite aftersuit -->
  <testcase name="@AfterSuite aftersuit" time="0.0" classname="com.mystore.base.Baseclass">
    <ignored/>
  </testcase> <!-- @AfterSuite aftersuit -->
  <testcase name="@AfterSuite aftersuit" time="0.0" classname="com.mystore.base.Baseclass">
    <ignored/>
  </testcase> <!-- @AfterSuite aftersuit -->
</testsuite> <!-- Test_All -->
