<?xml version="1.0" encoding="UTF-8"?>
<!-- Generated by org.testng.reporters.JUnitXMLReporter -->
<testsuite hostname="LAPTOP-37CPKV0R" ignored="20" name="Test_regresssion" tests="3" failures="1" timestamp="2023-11-01T15:21:52 EDT" time="64.769" errors="0">
  <testcase name="verifyeaccountpagetest" time="8.048" classname="com.mystore.testcase.AddToCartPageTest"/>
  <testcase name="endToEndTest" time="22.795" classname="com.mystore.testcase.EndToEndTest"/>
  <testcase name="verifyTotalPrice" time="9.178" classname="com.mystore.testcase.OrderPageTest">
    <failure type="java.lang.AssertionError" message="expected [2.34] but found [0.41]">
      <![CDATA[java.lang.AssertionError: expected [2.34] but found [0.41]
at com.mystore.testcase.OrderPageTest.verifyTotalPrice(OrderPageTest.java:45)
at java.util.ArrayList.forEach(ArrayList.java:1257)
... Removed 31 stack frames]]>
    </failure>
  </testcase> <!-- verifyTotalPrice -->
  <testcase name="VerifyTitle" time="0.0" classname="com.mystore.testcase.IndexPageTest">
    <ignored/>
  </testcase> <!-- VerifyTitle -->
  <testcase name="@BeforeTest loadConfig" time="0.0" classname="com.mystore.base.Baseclass">
    <ignored/>
  </testcase> <!-- @BeforeTest loadConfig -->
  <testcase name="@BeforeTest loadConfig" time="0.0" classname="com.mystore.base.Baseclass">
    <ignored/>
  </testcase> <!-- @BeforeTest loadConfig -->
  <testcase name="@BeforeTest loadConfig" time="0.0" classname="com.mystore.base.Baseclass">
    <ignored/>
  </testcase> <!-- @BeforeTest loadConfig -->
  <testcase name="@BeforeTest loadConfig" time="0.0" classname="com.mystore.base.Baseclass">
    <ignored/>
  </testcase> <!-- @BeforeTest loadConfig -->
  <testcase name="@BeforeTest loadConfig" time="0.0" classname="com.mystore.base.Baseclass">
    <ignored/>
  </testcase> <!-- @BeforeTest loadConfig -->
  <testcase name="@BeforeTest loadConfig" time="0.0" classname="com.mystore.base.Baseclass">
    <ignored/>
  </testcase> <!-- @BeforeTest loadConfig -->
  <testcase name="@BeforeTest loadConfig" time="0.0" classname="com.mystore.base.Baseclass">
    <ignored/>
  </testcase> <!-- @BeforeTest loadConfig -->
  <testcase name="logo" time="0.0" classname="com.mystore.testcase.IndexPageTest">
    <ignored/>
  </testcase> <!-- logo -->
  <testcase name="@BeforeSuite Beforesuit" time="0.0" classname="com.mystore.base.Baseclass">
    <ignored/>
  </testcase> <!-- @BeforeSuite Beforesuit -->
  <testcase name="@BeforeSuite Beforesuit" time="0.0" classname="com.mystore.base.Baseclass">
    <ignored/>
  </testcase> <!-- @BeforeSuite Beforesuit -->
  <testcase name="@BeforeSuite Beforesuit" time="0.0" classname="com.mystore.base.Baseclass">
    <ignored/>
  </testcase> <!-- @BeforeSuite Beforesuit -->
  <testcase name="@BeforeSuite Beforesuit" time="0.0" classname="com.mystore.base.Baseclass">
    <ignored/>
  </testcase> <!-- @BeforeSuite Beforesuit -->
  <testcase name="@BeforeSuite Beforesuit" time="0.0" classname="com.mystore.base.Baseclass">
    <ignored/>
  </testcase> <!-- @BeforeSuite Beforesuit -->
  <testcase name="@BeforeSuite Beforesuit" time="0.0" classname="com.mystore.base.Baseclass">
    <ignored/>
  </testcase> <!-- @BeforeSuite Beforesuit -->
  <testcase name="@BeforeSuite Beforesuit" time="0.0" classname="com.mystore.base.Baseclass">
    <ignored/>
  </testcase> <!-- @BeforeSuite Beforesuit -->
  <testcase name="orderHistoryandDetailsTest" time="0.0" classname="com.mystore.testcase.HomePageTest">
    <ignored/>
  </testcase> <!-- orderHistoryandDetailsTest -->
  <testcase name="verifyeaccountpagetest" time="0.0" classname="com.mystore.testcase.AccountCreationPageTest">
    <ignored/>
  </testcase> <!-- verifyeaccountpagetest -->
  <testcase name="loginTest" time="0.0" classname="com.mystore.testcase.LoginPageTest">
    <ignored/>
  </testcase> <!-- loginTest -->
  <testcase name="verifyeaccountpagetest" time="0.0" classname="com.mystore.testcase.SearchResultPageTest">
    <ignored/>
  </testcase> <!-- verifyeaccountpagetest -->
</testsuite> <!-- Test_regresssion -->
