<?xml version="1.0" encoding="UTF-8"?>
<!-- Generated by org.testng.reporters.JUnitXMLReporter -->
<testsuite hostname="LAPTOP-37CPKV0R" ignored="0" name="Test_All(failed)" tests="1" failures="1" timestamp="2023-11-01T19:57:22 EDT" time="19.514" errors="0">
  <testcase name="verifyTotalPrice" time="9.935" classname="com.mystore.testcase.OrderPageTest">
    <failure type="java.lang.AssertionError" message="expected [2.34] but found [0.41]">
      <![CDATA[java.lang.AssertionError: expected [2.34] but found [0.41]
at com.mystore.testcase.OrderPageTest.verifyTotalPrice(OrderPageTest.java:45)
at java.util.ArrayList.forEach(ArrayList.java:1257)
... Removed 31 stack frames]]>
    </failure>
  </testcase> <!-- verifyTotalPrice -->
</testsuite> <!-- Test_All(failed) -->
